
> travel-umroh-api@1.0.0 build
> nest build

[96msrc/analytics/analytics.controller.ts[0m:[93m379[0m:[93m6[0m - [91merror[0m[90m TS2693: [0m'Body' only refers to a type, but is being used as a value here.

[7m379[0m     @Body()
[7m   [0m [91m     ~~~~[0m
[96msrc/analytics/infrastructure/persistence/relational/entities/analytics-event.entity.ts[0m:[93m13[0m:[93m40[0m - [91merror[0m[90m TS2307: [0mCannot find module '../../../../../../utils/relational-entity-helper' or its corresponding type declarations.

[7m13[0m import { EntityRelationalHelper } from "../../../../../../utils/relational-entity-helper";
[7m  [0m [91m                                       ~~~~~~~~~~~~~~~~~~~~~~~~~~~~~~~~~~~~~~~~~~~~~~~~~~[0m
[96msrc/analytics/infrastructure/persistence/relational/entities/filter-preset.entity.ts[0m:[93m14[0m:[93m40[0m - [91merror[0m[90m TS2307: [0mCannot find module '../../../../../../utils/relational-entity-helper' or its corresponding type declarations.

[7m14[0m import { EntityRelationalHelper } from "../../../../../../utils/relational-entity-helper";
[7m  [0m [91m                                       ~~~~~~~~~~~~~~~~~~~~~~~~~~~~~~~~~~~~~~~~~~~~~~~~~~[0m
[96msrc/analytics/infrastructure/persistence/relational/entities/revenue-snapshot.entity.ts[0m:[93m14[0m:[93m40[0m - [91merror[0m[90m TS2307: [0mCannot find module '../../../../../../utils/relational-entity-helper' or its corresponding type declarations.

[7m14[0m import { EntityRelationalHelper } from "../../../../../../utils/relational-entity-helper";
[7m  [0m [91m                                       ~~~~~~~~~~~~~~~~~~~~~~~~~~~~~~~~~~~~~~~~~~~~~~~~~~[0m
[96msrc/analytics/jobs/daily-snapshot.processor.ts[0m:[93m118[0m:[93m52[0m - [91merror[0m[90m TS2551: [0mProperty 'full_name' does not exist on type 'UserEntity'. Did you mean 'fullName'?

[7m118[0m         { agentId: j.agent_id, agentName: j.agent?.full_name || "Unknown" },
[7m   [0m [91m                                                   ~~~~~~~~~[0m

  [96msrc/users/entities/user.entity.ts[0m:[93m54[0m:[93m3[0m
    [7m54[0m   fullName: string;
    [7m  [0m [96m  ~~~~~~~~[0m
    'fullName' is declared here.
[96msrc/analytics/services/agent-performance.service.ts[0m:[93m94[0m:[93m44[0m - [91merror[0m[90m TS2551: [0mProperty 'full_name' does not exist on type 'UserEntity'. Did you mean 'fullName'?

[7m94[0m     const agentName = allJamaah[0]?.agent?.full_name || "Unknown Agent";
[7m  [0m [91m                                           ~~~~~~~~~[0m

  [96msrc/users/entities/user.entity.ts[0m:[93m54[0m:[93m3[0m
    [7m54[0m   fullName: string;
    [7m  [0m [96m  ~~~~~~~~[0m
    'fullName' is declared here.
[96msrc/analytics/services/pipeline-analytics.service.ts[0m:[93m84[0m:[93m27[0m - [91merror[0m[90m TS2551: [0mProperty 'full_name' does not exist on type 'UserEntity'. Did you mean 'fullName'?

[7m84[0m       agentName: j.agent?.full_name || "Unknown",
[7m  [0m [91m                          ~~~~~~~~~[0m

  [96msrc/users/entities/user.entity.ts[0m:[93m54[0m:[93m3[0m
    [7m54[0m   fullName: string;
    [7m  [0m [96m  ~~~~~~~~[0m
    'fullName' is declared here.
[96msrc/analytics/services/pipeline-analytics.service.ts[0m:[93m162[0m:[93m36[0m - [91merror[0m[90m TS2551: [0mProperty 'full_name' does not exist on type 'UserEntity'. Did you mean 'fullName'?

[7m162[0m           agentName: jamaah.agent?.full_name || "Unknown Agent",
[7m   [0m [91m                                   ~~~~~~~~~[0m

  [96msrc/users/entities/user.entity.ts[0m:[93m54[0m:[93m3[0m
    [7m54[0m   fullName: string;
    [7m  [0m [96m  ~~~~~~~~[0m
    'fullName' is declared here.
[96msrc/analytics/services/revenue-metrics.service.ts[0m:[93m318[0m:[93m42[0m - [91merror[0m[90m TS2551: [0mProperty 'full_name' does not exist on type 'UserEntity'. Did you mean 'fullName'?

[7m318[0m         { id: j.agent_id, name: j.agent?.full_name || "Unknown" },
[7m   [0m [91m                                         ~~~~~~~~~[0m

  [96msrc/users/entities/user.entity.ts[0m:[93m54[0m:[93m3[0m
    [7m54[0m   fullName: string;
    [7m  [0m [96m  ~~~~~~~~[0m
    'fullName' is declared here.
[96msrc/api-platform/controllers/public-api.controller.ts[0m:[93m89[0m:[93m20[0m - [91merror[0m[90m TS2353: [0mObject literal may only specify known properties, and 'tenantId' does not exist in type 'FindOptionsWhere<JamaahEntity> | FindOptionsWhere<JamaahEntity>[]'.

[7m89[0m       where: { id, tenantId },
[7m  [0m [91m                   ~~~~~~~~[0m

  [96mnode_modules/typeorm/find-options/FindOneOptions.d.ts[0m:[93m23[0m:[93m5[0m
    [7m23[0m     where?: FindOptionsWhere<Entity>[] | FindOptionsWhere<Entity>;
    [7m  [0m [96m    ~~~~~[0m
    The expected type comes from property 'where' which is declared here on type 'FindOneOptions<JamaahEntity>'
[96msrc/api-platform/controllers/public-api.controller.ts[0m:[93m125[0m:[93m46[0m - [91merror[0m[90m TS2353: [0mObject literal may only specify known properties, and 'tenantId' does not exist in type 'Date | string[] | ObjectId | number[] | Date[] | ObjectId[] | FindOptionsWhere<JamaahEntity> | FindOptionsWhere<JamaahEntity>[]'.

[7m125[0m     await this.jamaahRepository.update({ id, tenantId }, body);
[7m   [0m [91m                                             ~~~~~~~~[0m
[96msrc/api-platform/controllers/public-api.controller.ts[0m:[93m128[0m:[93m20[0m - [91merror[0m[90m TS2353: [0mObject literal may only specify known properties, and 'tenantId' does not exist in type 'FindOptionsWhere<JamaahEntity> | FindOptionsWhere<JamaahEntity>[]'.

[7m128[0m       where: { id, tenantId },
[7m   [0m [91m                   ~~~~~~~~[0m

  [96mnode_modules/typeorm/find-options/FindOneOptions.d.ts[0m:[93m23[0m:[93m5[0m
    [7m23[0m     where?: FindOptionsWhere<Entity>[] | FindOptionsWhere<Entity>;
    [7m  [0m [96m    ~~~~~[0m
    The expected type comes from property 'where' which is declared here on type 'FindOneOptions<JamaahEntity>'
[96msrc/api-platform/controllers/public-api.controller.ts[0m:[93m174[0m:[93m20[0m - [91merror[0m[90m TS2353: [0mObject literal may only specify known properties, and 'tenantId' does not exist in type 'FindOptionsWhere<PaymentEntity> | FindOptionsWhere<PaymentEntity>[]'.

[7m174[0m       where: { id, tenantId },
[7m   [0m [91m                   ~~~~~~~~[0m

  [96mnode_modules/typeorm/find-options/FindOneOptions.d.ts[0m:[93m23[0m:[93m5[0m
    [7m23[0m     where?: FindOptionsWhere<Entity>[] | FindOptionsWhere<Entity>;
    [7m  [0m [96m    ~~~~~[0m
    The expected type comes from property 'where' which is declared here on type 'FindOneOptions<PaymentEntity>'
[96msrc/api-platform/controllers/public-api.controller.ts[0m:[93m241[0m:[93m20[0m - [91merror[0m[90m TS2353: [0mObject literal may only specify known properties, and 'tenantId' does not exist in type 'FindOptionsWhere<PackageEntity> | FindOptionsWhere<PackageEntity>[]'.

[7m241[0m       where: { id, tenantId },
[7m   [0m [91m                   ~~~~~~~~[0m

  [96mnode_modules/typeorm/find-options/FindOneOptions.d.ts[0m:[93m23[0m:[93m5[0m
    [7m23[0m     where?: FindOptionsWhere<Entity>[] | FindOptionsWhere<Entity>;
    [7m  [0m [96m    ~~~~~[0m
    The expected type comes from property 'where' which is declared here on type 'FindOneOptions<PackageEntity>'
[96msrc/api-platform/controllers/public-api.controller.ts[0m:[93m291[0m:[93m20[0m - [91merror[0m[90m TS2353: [0mObject literal may only specify known properties, and 'tenantId' does not exist in type 'FindOptionsWhere<DocumentEntity> | FindOptionsWhere<DocumentEntity>[]'.

[7m291[0m       where: { id, tenantId },
[7m   [0m [91m                   ~~~~~~~~[0m

  [96mnode_modules/typeorm/find-options/FindOneOptions.d.ts[0m:[93m23[0m:[93m5[0m
    [7m23[0m     where?: FindOptionsWhere<Entity>[] | FindOptionsWhere<Entity>;
    [7m  [0m [96m    ~~~~~[0m
    The expected type comes from property 'where' which is declared here on type 'FindOneOptions<DocumentEntity>'
[96msrc/api-platform/infrastructure/persistence/relational/entities/access-token.entity.ts[0m:[93m10[0m:[93m30[0m - [91merror[0m[90m TS2307: [0mCannot find module '../../../../../tenants/infrastructure/persistence/relational/entities/tenant.entity' or its corresponding type declarations.

[7m10[0m import { TenantEntity } from "../../../../../tenants/infrastructure/persistence/relational/entities/tenant.entity";
[7m  [0m [91m                             ~~~~~~~~~~~~~~~~~~~~~~~~~~~~~~~~~~~~~~~~~~~~~~~~~~~~~~~~~~~~~~~~~~~~~~~~~~~~~~~~~~~~~[0m
[96msrc/api-platform/infrastructure/persistence/relational/entities/api-key.entity.ts[0m:[93m10[0m:[93m30[0m - [91merror[0m[90m TS2307: [0mCannot find module '../../../../../tenants/infrastructure/persistence/relational/entities/tenant.entity' or its corresponding type declarations.

[7m10[0m import { TenantEntity } from "../../../../../tenants/infrastructure/persistence/relational/entities/tenant.entity";
[7m  [0m [91m                             ~~~~~~~~~~~~~~~~~~~~~~~~~~~~~~~~~~~~~~~~~~~~~~~~~~~~~~~~~~~~~~~~~~~~~~~~~~~~~~~~~~~~~[0m
[96msrc/api-platform/infrastructure/persistence/relational/entities/api-request-log.entity.ts[0m:[93m10[0m:[93m30[0m - [91merror[0m[90m TS2307: [0mCannot find module '../../../../../tenants/infrastructure/persistence/relational/entities/tenant.entity' or its corresponding type declarations.

[7m10[0m import { TenantEntity } from "../../../../../tenants/infrastructure/persistence/relational/entities/tenant.entity";
[7m  [0m [91m                             ~~~~~~~~~~~~~~~~~~~~~~~~~~~~~~~~~~~~~~~~~~~~~~~~~~~~~~~~~~~~~~~~~~~~~~~~~~~~~~~~~~~~~[0m
[96msrc/api-platform/infrastructure/persistence/relational/entities/oauth-client.entity.ts[0m:[93m11[0m:[93m30[0m - [91merror[0m[90m TS2307: [0mCannot find module '../../../../../tenants/infrastructure/persistence/relational/entities/tenant.entity' or its corresponding type declarations.

[7m11[0m import { TenantEntity } from "../../../../../tenants/infrastructure/persistence/relational/entities/tenant.entity";
[7m  [0m [91m                             ~~~~~~~~~~~~~~~~~~~~~~~~~~~~~~~~~~~~~~~~~~~~~~~~~~~~~~~~~~~~~~~~~~~~~~~~~~~~~~~~~~~~~[0m
[96msrc/api-platform/infrastructure/persistence/relational/entities/webhook-delivery.entity.ts[0m:[93m10[0m:[93m30[0m - [91merror[0m[90m TS2307: [0mCannot find module '../../../../../tenants/infrastructure/persistence/relational/entities/tenant.entity' or its corresponding type declarations.

[7m10[0m import { TenantEntity } from "../../../../../tenants/infrastructure/persistence/relational/entities/tenant.entity";
[7m  [0m [91m                             ~~~~~~~~~~~~~~~~~~~~~~~~~~~~~~~~~~~~~~~~~~~~~~~~~~~~~~~~~~~~~~~~~~~~~~~~~~~~~~~~~~~~~[0m
[96msrc/api-platform/infrastructure/persistence/relational/entities/webhook-subscription.entity.ts[0m:[93m11[0m:[93m30[0m - [91merror[0m[90m TS2307: [0mCannot find module '../../../../../tenants/infrastructure/persistence/relational/entities/tenant.entity' or its corresponding type declarations.

[7m11[0m import { TenantEntity } from "../../../../../tenants/infrastructure/persistence/relational/entities/tenant.entity";
[7m  [0m [91m                             ~~~~~~~~~~~~~~~~~~~~~~~~~~~~~~~~~~~~~~~~~~~~~~~~~~~~~~~~~~~~~~~~~~~~~~~~~~~~~~~~~~~~~[0m
[96msrc/api-platform/services/api-key.service.ts[0m:[93m29[0m:[93m42[0m - [91merror[0m[90m TS2769: [0mNo overload matches this call.
  Overload 1 of 3, '(entityLikeArray: DeepPartial<ApiKeyEntity>[]): ApiKeyEntity[]', gave the following error.
    Object literal may only specify known properties, and 'tenantId' does not exist in type 'DeepPartial<ApiKeyEntity>[]'.
  Overload 2 of 3, '(entityLike: DeepPartial<ApiKeyEntity>): ApiKeyEntity', gave the following error.
    Type 'ApiKeyEnvironment' is not assignable to type 'ApiKeyEnvironmentEnum'.

[7m29[0m     const apiKey = this.apiKeyRepository.create({
[7m  [0m [91m                                         ~~~~~~[0m

  [96msrc/api-platform/infrastructure/persistence/relational/entities/api-key.entity.ts[0m:[93m53[0m:[93m3[0m
    [7m53[0m   environment: ApiKeyEnvironmentEnum;
    [7m  [0m [96m  ~~~~~~~~~~~[0m
    The expected type comes from property 'environment' which is declared here on type 'DeepPartial<ApiKeyEntity>'
[96msrc/api-platform/services/api-key.service.ts[0m:[93m44[0m:[93m20[0m - [91merror[0m[90m TS2339: [0mProperty 'id' does not exist on type 'ApiKeyEntity[]'.

[7m44[0m       id: savedKey.id,
[7m  [0m [91m                   ~~[0m
[96msrc/api-platform/services/api-key.service.ts[0m:[93m46[0m:[93m22[0m - [91merror[0m[90m TS2339: [0mProperty 'name' does not exist on type 'ApiKeyEntity[]'.

[7m46[0m       name: savedKey.name,
[7m  [0m [91m                     ~~~~[0m
[96msrc/api-platform/services/api-key.service.ts[0m:[93m47[0m:[93m29[0m - [91merror[0m[90m TS2339: [0mProperty 'environment' does not exist on type 'ApiKeyEntity[]'.

[7m47[0m       environment: savedKey.environment as ApiKeyEnvironment,
[7m  [0m [91m                            ~~~~~~~~~~~[0m
[96msrc/api-platform/services/api-key.service.ts[0m:[93m48[0m:[93m24[0m - [91merror[0m[90m TS2339: [0mProperty 'scopes' does not exist on type 'ApiKeyEntity[]'.

[7m48[0m       scopes: savedKey.scopes,
[7m  [0m [91m                       ~~~~~~[0m
[96msrc/api-platform/services/api-key.service.ts[0m:[93m49[0m:[93m27[0m - [91merror[0m[90m TS2339: [0mProperty 'rateLimit' does not exist on type 'ApiKeyEntity[]'.

[7m49[0m       rateLimit: savedKey.rateLimit,
[7m  [0m [91m                          ~~~~~~~~~[0m
[96msrc/api-platform/services/api-key.service.ts[0m:[93m50[0m:[93m26[0m - [91merror[0m[90m TS2339: [0mProperty 'isActive' does not exist on type 'ApiKeyEntity[]'.

[7m50[0m       isActive: savedKey.isActive,
[7m  [0m [91m                         ~~~~~~~~[0m
[96msrc/api-platform/services/api-key.service.ts[0m:[93m51[0m:[93m28[0m - [91merror[0m[90m TS2339: [0mProperty 'lastUsedAt' does not exist on type 'ApiKeyEntity[]'.

[7m51[0m       lastUsedAt: savedKey.lastUsedAt,
[7m  [0m [91m                           ~~~~~~~~~~[0m
[96msrc/api-platform/services/api-key.service.ts[0m:[93m52[0m:[93m27[0m - [91merror[0m[90m TS2339: [0mProperty 'createdAt' does not exist on type 'ApiKeyEntity[]'.

[7m52[0m       createdAt: savedKey.createdAt,
[7m  [0m [91m                          ~~~~~~~~~[0m
[96msrc/api-platform/services/api-key.service.ts[0m:[93m53[0m:[93m27[0m - [91merror[0m[90m TS2339: [0mProperty 'expiresAt' does not exist on type 'ApiKeyEntity[]'.

[7m53[0m       expiresAt: savedKey.expiresAt,
[7m  [0m [91m                          ~~~~~~~~~[0m
[96msrc/api-platform/services/api-key.service.ts[0m:[93m62[0m:[93m16[0m - [91merror[0m[90m TS2322: [0mType 'ApiKeyEnvironment' is not assignable to type 'ApiKeyEnvironmentEnum | FindOperator<ApiKeyEnvironmentEnum>'.

[7m62[0m       where: { environment, isActive: true },
[7m  [0m [91m               ~~~~~~~~~~~[0m
[96msrc/api-platform/services/api-key.service.ts[0m:[93m94[0m:[93m7[0m - [91merror[0m[90m TS2352: [0mConversion of type 'ApiKeyEnvironmentEnum' to type 'ApiKeyEnvironment' may be a mistake because neither type sufficiently overlaps with the other. If this was intentional, convert the expression to 'unknown' first.

[7m94[0m       existingKey.environment as ApiKeyEnvironment,
[7m  [0m [91m      ~~~~~~~~~~~~~~~~~~~~~~~~~~~~~~~~~~~~~~~~~~~~[0m
[96msrc/api-platform/services/api-key.service.ts[0m:[93m105[0m:[93m20[0m - [91merror[0m[90m TS2352: [0mConversion of type 'ApiKeyEnvironmentEnum' to type 'ApiKeyEnvironment' may be a mistake because neither type sufficiently overlaps with the other. If this was intentional, convert the expression to 'unknown' first.

[7m105[0m       environment: savedKey.environment as ApiKeyEnvironment,
[7m   [0m [91m                   ~~~~~~~~~~~~~~~~~~~~~~~~~~~~~~~~~~~~~~~~~[0m
[96msrc/api-platform/services/api-key.service.ts[0m:[93m146[0m:[93m20[0m - [91merror[0m[90m TS2352: [0mConversion of type 'ApiKeyEnvironmentEnum' to type 'ApiKeyEnvironment' may be a mistake because neither type sufficiently overlaps with the other. If this was intentional, convert the expression to 'unknown' first.

[7m146[0m       environment: key.environment as ApiKeyEnvironment,
[7m   [0m [91m                   ~~~~~~~~~~~~~~~~~~~~~~~~~~~~~~~~~~~~[0m
[96msrc/api-platform/services/api-key.service.ts[0m:[93m168[0m:[93m20[0m - [91merror[0m[90m TS2352: [0mConversion of type 'ApiKeyEnvironmentEnum' to type 'ApiKeyEnvironment' may be a mistake because neither type sufficiently overlaps with the other. If this was intentional, convert the expression to 'unknown' first.

[7m168[0m       environment: key.environment as ApiKeyEnvironment,
[7m   [0m [91m                   ~~~~~~~~~~~~~~~~~~~~~~~~~~~~~~~~~~~~[0m
[96msrc/api-platform/services/developer-portal.service.ts[0m:[93m41[0m:[93m38[0m - [91merror[0m[90m TS2769: [0mNo overload matches this call.
  Overload 1 of 3, '(entityLikeArray: DeepPartial<UserEntity>[]): UserEntity[]', gave the following error.
    Object literal may only specify known properties, and 'email' does not exist in type 'DeepPartial<UserEntity>[]'.
  Overload 2 of 3, '(entityLike: DeepPartial<UserEntity>): UserEntity', gave the following error.
    Object literal may only specify known properties, and 'firstName' does not exist in type 'DeepPartial<UserEntity>'.

[7m41[0m     const user = this.userRepository.create({
[7m  [0m [91m                                     ~~~~~~[0m

[96msrc/api-platform/services/developer-portal.service.ts[0m:[93m52[0m:[93m65[0m - [91merror[0m[90m TS2339: [0mProperty 'id' does not exist on type 'UserEntity[]'.

[7m52[0m     const apiKey = await this.apiKeyService.createKey(savedUser.id, tenantId, {
[7m  [0m [91m                                                                ~~[0m
[96msrc/api-platform/services/developer-portal.service.ts[0m:[93m61[0m:[93m23[0m - [91merror[0m[90m TS2339: [0mProperty 'id' does not exist on type 'UserEntity[]'.

[7m61[0m         id: savedUser.id,
[7m  [0m [91m                      ~~[0m
[96msrc/api-platform/services/developer-portal.service.ts[0m:[93m62[0m:[93m26[0m - [91merror[0m[90m TS2339: [0mProperty 'email' does not exist on type 'UserEntity[]'.

[7m62[0m         email: savedUser.email,
[7m  [0m [91m                         ~~~~~[0m
[96msrc/api-platform/services/developer-portal.service.ts[0m:[93m63[0m:[93m25[0m - [91merror[0m[90m TS2339: [0mProperty 'firstName' does not exist on type 'UserEntity[]'.

[7m63[0m         name: savedUser.firstName,
[7m  [0m [91m                        ~~~~~~~~~[0m
[96msrc/api-platform/services/sandbox.service.ts[0m:[93m75[0m:[93m51[0m - [91merror[0m[90m TS2769: [0mNo overload matches this call.
  Overload 1 of 3, '(entityLikeArray: DeepPartial<JamaahEntity>[]): JamaahEntity[]', gave the following error.
    Argument of type '{ tenantId: string; name: string; email: string; phone: string; nik: string; dateOfBirth: Date; gender: string; address: string; emergencyContact: string; status: string; metadata: { sandbox: boolean; }; }' is not assignable to parameter of type 'DeepPartial<JamaahEntity>[]'.
      Type '{ tenantId: string; name: string; email: string; phone: string; nik: string; dateOfBirth: Date; gender: string; address: string; emergencyContact: string; status: string; metadata: { sandbox: boolean; }; }' is missing the following properties from type 'DeepPartial<JamaahEntity>[]': length, pop, push, concat, and 29 more.
  Overload 2 of 3, '(entityLike: DeepPartial<JamaahEntity>): JamaahEntity', gave the following error.
    Argument of type '{ tenantId: string; name: string; email: string; phone: string; nik: string; dateOfBirth: Date; gender: string; address: string; emergencyContact: string; status: string; metadata: { sandbox: boolean; }; }' is not assignable to parameter of type 'DeepPartial<JamaahEntity>'.
      Type '{ tenantId: string; name: string; email: string; phone: string; nik: string; dateOfBirth: Date; gender: string; address: string; emergencyContact: string; status: string; metadata: { sandbox: boolean; }; }' is not assignable to type '{ id?: string; tenant_id?: string; agent_id?: string; agent?: DeepPartial<UserEntity>; package_id?: string; package?: DeepPartial<PackageEntity>; ... 21 more ...; __entity?: string; }'.
        Types of property 'status' are incompatible.
          Type 'string' is not assignable to type 'DeepPartial<JamaahStatus>'.

[7m75[0m       const jamaah = this.jamaahRepository.create(data);
[7m  [0m [91m                                                  ~~~~[0m

[96msrc/api-platform/services/sandbox.service.ts[0m:[93m109[0m:[93m59[0m - [91merror[0m[90m TS2769: [0mNo overload matches this call.
  Overload 1 of 3, '(entityLikeArray: DeepPartial<PackageEntity>[]): PackageEntity[]', gave the following error.
    Argument of type '{ tenantId: string; name: string; description: string; price: number; duration: number; capacity: number; availableSeats: number; departureDate: Date; returnDate: Date; itinerary: string[]; inclusions: string[]; isActive: boolean; metadata: { ...; }; }' is not assignable to parameter of type 'DeepPartial<PackageEntity>[]'.
      Type '{ tenantId: string; name: string; description: string; price: number; duration: number; capacity: number; availableSeats: number; departureDate: Date; returnDate: Date; itinerary: string[]; inclusions: string[]; isActive: boolean; metadata: { ...; }; }' is missing the following properties from type 'DeepPartial<PackageEntity>[]': length, pop, push, concat, and 29 more.
  Overload 2 of 3, '(entityLike: DeepPartial<PackageEntity>): PackageEntity', gave the following error.
    Argument of type '{ tenantId: string; name: string; description: string; price: number; duration: number; capacity: number; availableSeats: number; departureDate: Date; returnDate: Date; itinerary: string[]; inclusions: string[]; isActive: boolean; metadata: { ...; }; }' is not assignable to parameter of type 'DeepPartial<PackageEntity>'.
      Type '{ tenantId: string; name: string; description: string; price: number; duration: number; capacity: number; availableSeats: number; departureDate: Date; returnDate: Date; itinerary: string[]; inclusions: string[]; isActive: boolean; metadata: { ...; }; }' is not assignable to type '{ id?: string; tenant_id?: string; name?: string; description?: string; metadata?: DeepPartial<Record<string, any>>; duration_days?: number; retail_price?: number; wholesale_price?: number; ... 14 more ...; __entity?: string; }'.
        Types of property 'inclusions' are incompatible.
          Type 'string[]' is not assignable to type 'DeepPartial<PackageInclusionEntity[]>'.
            Type 'string[]' is not assignable to type 'PackageInclusionEntity[]'.
              Type 'string' is not assignable to type 'PackageInclusionEntity'.

[7m109[0m       const packageEntity = this.packageRepository.create(data);
[7m   [0m [91m                                                          ~~~~[0m

[96msrc/api-platform/services/webhook-subscription.service.ts[0m:[93m36[0m:[93m61[0m - [91merror[0m[90m TS2769: [0mNo overload matches this call.
  Overload 1 of 3, '(entityLikeArray: DeepPartial<WebhookSubscriptionEntity>[]): WebhookSubscriptionEntity[]', gave the following error.
    Object literal may only specify known properties, and 'tenantId' does not exist in type 'DeepPartial<WebhookSubscriptionEntity>[]'.
  Overload 2 of 3, '(entityLike: DeepPartial<WebhookSubscriptionEntity>): WebhookSubscriptionEntity', gave the following error.
    Type 'WebhookEvent[]' is not assignable to type 'DeepPartial<WebhookEventEnum[]>'.
      Type 'WebhookEvent[]' is not assignable to type 'WebhookEventEnum[]'.
        Type 'WebhookEvent' is not assignable to type 'WebhookEventEnum'.

[7m36[0m     const subscription = this.webhookSubscriptionRepository.create({
[7m  [0m [91m                                                            ~~~~~~[0m

  [96msrc/api-platform/infrastructure/persistence/relational/entities/webhook-subscription.entity.ts[0m:[93m56[0m:[93m3[0m
    [7m56[0m   events: WebhookEventEnum[];
    [7m  [0m [96m  ~~~~~~[0m
    The expected type comes from property 'events' which is declared here on type 'DeepPartial<WebhookSubscriptionEntity>'
[96msrc/api-platform/services/webhook-subscription.service.ts[0m:[93m49[0m:[93m29[0m - [91merror[0m[90m TS2339: [0mProperty 'id' does not exist on type 'WebhookSubscriptionEntity[]'.

[7m49[0m       id: savedSubscription.id,
[7m  [0m [91m                            ~~[0m
[96msrc/api-platform/services/webhook-subscription.service.ts[0m:[93m50[0m:[93m30[0m - [91merror[0m[90m TS2339: [0mProperty 'url' does not exist on type 'WebhookSubscriptionEntity[]'.

[7m50[0m       url: savedSubscription.url,
[7m  [0m [91m                             ~~~[0m
[96msrc/api-platform/services/webhook-subscription.service.ts[0m:[93m51[0m:[93m33[0m - [91merror[0m[90m TS2339: [0mProperty 'events' does not exist on type 'WebhookSubscriptionEntity[]'.

[7m51[0m       events: savedSubscription.events as WebhookEvent[],
[7m  [0m [91m                                ~~~~~~[0m
[96msrc/api-platform/services/webhook-subscription.service.ts[0m:[93m52[0m:[93m33[0m - [91merror[0m[90m TS2339: [0mProperty 'secret' does not exist on type 'WebhookSubscriptionEntity[]'.

[7m52[0m       secret: savedSubscription.secret,
[7m  [0m [91m                                ~~~~~~[0m
[96msrc/api-platform/services/webhook-subscription.service.ts[0m:[93m53[0m:[93m35[0m - [91merror[0m[90m TS2339: [0mProperty 'isActive' does not exist on type 'WebhookSubscriptionEntity[]'.

[7m53[0m       isActive: savedSubscription.isActive,
[7m  [0m [91m                                  ~~~~~~~~[0m
[96msrc/api-platform/services/webhook-subscription.service.ts[0m:[93m54[0m:[93m36[0m - [91merror[0m[90m TS2339: [0mProperty 'createdAt' does not exist on type 'WebhookSubscriptionEntity[]'.

[7m54[0m       createdAt: savedSubscription.createdAt,
[7m  [0m [91m                                   ~~~~~~~~~[0m
[96msrc/api-platform/services/webhook-subscription.service.ts[0m:[93m55[0m:[93m36[0m - [91merror[0m[90m TS2339: [0mProperty 'updatedAt' does not exist on type 'WebhookSubscriptionEntity[]'.

[7m55[0m       updatedAt: savedSubscription.updatedAt,
[7m  [0m [91m                                   ~~~~~~~~~[0m
[96msrc/api-platform/services/webhook-subscription.service.ts[0m:[93m97[0m:[93m7[0m - [91merror[0m[90m TS2322: [0mType 'WebhookEvent[]' is not assignable to type 'WebhookEventEnum[]'.
  Type 'WebhookEvent' is not assignable to type 'WebhookEventEnum'.

[7m97[0m       subscription.events = updates.events;
[7m  [0m [91m      ~~~~~~~~~~~~~~~~~~~[0m
[96msrc/api-platform/services/webhook-subscription.service.ts[0m:[93m107[0m:[93m15[0m - [91merror[0m[90m TS2352: [0mConversion of type 'WebhookEventEnum[]' to type 'WebhookEvent[]' may be a mistake because neither type sufficiently overlaps with the other. If this was intentional, convert the expression to 'unknown' first.
  Type 'WebhookEventEnum' is not comparable to type 'WebhookEvent'.

[7m107[0m       events: savedSubscription.events as WebhookEvent[],
[7m   [0m [91m              ~~~~~~~~~~~~~~~~~~~~~~~~~~~~~~~~~~~~~~~~~~[0m
[96msrc/api-platform/services/webhook-subscription.service.ts[0m:[93m127[0m:[93m15[0m - [91merror[0m[90m TS2352: [0mConversion of type 'WebhookEventEnum[]' to type 'WebhookEvent[]' may be a mistake because neither type sufficiently overlaps with the other. If this was intentional, convert the expression to 'unknown' first.
  Type 'WebhookEventEnum' is not comparable to type 'WebhookEvent'.

[7m127[0m       events: sub.events as WebhookEvent[],
[7m   [0m [91m              ~~~~~~~~~~~~~~~~~~~~~~~~~~~~[0m
[96msrc/api-platform/services/webhook-subscription.service.ts[0m:[93m150[0m:[93m15[0m - [91merror[0m[90m TS2352: [0mConversion of type 'WebhookEventEnum[]' to type 'WebhookEvent[]' may be a mistake because neither type sufficiently overlaps with the other. If this was intentional, convert the expression to 'unknown' first.
  Type 'WebhookEventEnum' is not comparable to type 'WebhookEvent'.

[7m150[0m       events: subscription.events as WebhookEvent[],
[7m   [0m [91m              ~~~~~~~~~~~~~~~~~~~~~~~~~~~~~~~~~~~~~[0m
[96msrc/compliance/jobs/signature-reminder.processor.ts[0m:[93m123[0m:[93m19[0m - [91merror[0m[90m TS2322: [0mType 'string' is not assignable to type '(() => string) | _QueryDeepPartialEntity<unknown>[] | readonly _QueryDeepPartialEntity<unknown>[] | _QueryDeepPartialEntity<any>'.

[7m123[0m       metadata: { lastReminderSent: new Date().toISOString() },
[7m   [0m [91m                  ~~~~~~~~~~~~~~~~[0m
[96msrc/compliance/services/audit-log.service.ts[0m:[93m317[0m:[93m37[0m - [91merror[0m[90m TS2339: [0mProperty 'isRetentionCompliant' does not exist on type 'typeof AuditLog'.

[7m317[0m       retentionCompliance: AuditLog.isRetentionCompliant(
[7m   [0m [91m                                    ~~~~~~~~~~~~~~~~~~~~[0m
[96msrc/compliance/services/compliance-dashboard.service.ts[0m:[93m177[0m:[93m55[0m - [91merror[0m[90m TS2345: [0mArgument of type 'ComplianceDashboardResponseDto' is not assignable to parameter of type 'ComplianceDashboard'.
  Types of property 'auditMetrics' are incompatible.
    Type 'AuditMetricsDto' is not assignable to type 'AuditMetrics'.
      Property 'oldestLog' is optional in type 'AuditMetricsDto' but required in type 'AuditMetrics'.

[7m177[0m     const summary = ComplianceMetrics.generateSummary(metrics);
[7m   [0m [91m                                                      ~~~~~~~[0m
[96msrc/compliance/services/contract-pdf.service.ts[0m:[93m7[0m:[93m30[0m - [91merror[0m[90m TS2307: [0mCannot find module 'pdfkit' or its corresponding type declarations.

[7m7[0m import * as PDFDocument from "pdfkit";
[7m [0m [91m                             ~~~~~~~~[0m
[96msrc/config/sentry.config.ts[0m:[93m1[0m:[93m25[0m - [91merror[0m[90m TS2307: [0mCannot find module '@sentry/node' or its corresponding type declarations.

[7m1[0m import * as Sentry from "@sentry/node";
[7m [0m [91m                        ~~~~~~~~~~~~~~[0m
[96msrc/config/sentry.config.ts[0m:[93m2[0m:[93m38[0m - [91merror[0m[90m TS2307: [0mCannot find module '@sentry/profiling-node' or its corresponding type declarations.

[7m2[0m import { ProfilingIntegration } from "@sentry/profiling-node";
[7m [0m [91m                                     ~~~~~~~~~~~~~~~~~~~~~~~~[0m
[96msrc/config/winston.config.ts[0m:[93m1[0m:[93m26[0m - [91merror[0m[90m TS2307: [0mCannot find module 'winston' or its corresponding type declarations.

[7m1[0m import * as winston from "winston";
[7m [0m [91m                         ~~~~~~~~~[0m
[96msrc/config/winston.config.ts[0m:[93m2[0m:[93m34[0m - [91merror[0m[90m TS2307: [0mCannot find module 'winston-daily-rotate-file' or its corresponding type declarations.

[7m2[0m import * as DailyRotateFile from "winston-daily-rotate-file";
[7m [0m [91m                                 ~~~~~~~~~~~~~~~~~~~~~~~~~~~[0m
[96msrc/documents/controllers/documents-batch.controller.ts[0m:[93m36[0m:[93m28[0m - [91merror[0m[90m TS2307: [0mCannot find module '../../roles/guards/roles.guard' or its corresponding type declarations.

[7m36[0m import { RolesGuard } from "../../roles/guards/roles.guard";
[7m  [0m [91m                           ~~~~~~~~~~~~~~~~~~~~~~~~~~~~~~~~[0m
[96msrc/documents/controllers/documents-batch.controller.ts[0m:[93m37[0m:[93m23[0m - [91merror[0m[90m TS2307: [0mCannot find module '../../roles/decorators/roles.decorator' or its corresponding type declarations.

[7m37[0m import { Roles } from "../../roles/decorators/roles.decorator";
[7m  [0m [91m                      ~~~~~~~~~~~~~~~~~~~~~~~~~~~~~~~~~~~~~~~~[0m
[96msrc/documents/controllers/documents-review.controller.ts[0m:[93m30[0m:[93m28[0m - [91merror[0m[90m TS2307: [0mCannot find module '../../roles/guards/roles.guard' or its corresponding type declarations.

[7m30[0m import { RolesGuard } from "../../roles/guards/roles.guard";
[7m  [0m [91m                           ~~~~~~~~~~~~~~~~~~~~~~~~~~~~~~~~[0m
[96msrc/documents/controllers/documents-review.controller.ts[0m:[93m31[0m:[93m23[0m - [91merror[0m[90m TS2307: [0mCannot find module '../../roles/decorators/roles.decorator' or its corresponding type declarations.

[7m31[0m import { Roles } from "../../roles/decorators/roles.decorator";
[7m  [0m [91m                      ~~~~~~~~~~~~~~~~~~~~~~~~~~~~~~~~~~~~~~~~[0m
[96msrc/documents/controllers/documents.controller.ts[0m:[93m41[0m:[93m28[0m - [91merror[0m[90m TS2307: [0mCannot find module '../../roles/guards/roles.guard' or its corresponding type declarations.

[7m41[0m import { RolesGuard } from "../../roles/guards/roles.guard";
[7m  [0m [91m                           ~~~~~~~~~~~~~~~~~~~~~~~~~~~~~~~~[0m
[96msrc/documents/controllers/documents.controller.ts[0m:[93m42[0m:[93m23[0m - [91merror[0m[90m TS2307: [0mCannot find module '../../roles/decorators/roles.decorator' or its corresponding type declarations.

[7m42[0m import { Roles } from "../../roles/decorators/roles.decorator";
[7m  [0m [91m                      ~~~~~~~~~~~~~~~~~~~~~~~~~~~~~~~~~~~~~~~~[0m
[96msrc/documents/controllers/documents.controller.ts[0m:[93m97[0m:[93m11[0m - [91merror[0m[90m TS2322: [0mType 'boolean' is not assignable to type 'string[]'.

[7m97[0m           required: false,
[7m  [0m [91m          ~~~~~~~~[0m
[96msrc/documents/controllers/ocr.controller.ts[0m:[93m23[0m:[93m28[0m - [91merror[0m[90m TS2307: [0mCannot find module '../../roles/guards/roles.guard' or its corresponding type declarations.

[7m23[0m import { RolesGuard } from "../../roles/guards/roles.guard";
[7m  [0m [91m                           ~~~~~~~~~~~~~~~~~~~~~~~~~~~~~~~~[0m
[96msrc/documents/controllers/ocr.controller.ts[0m:[93m24[0m:[93m23[0m - [91merror[0m[90m TS2307: [0mCannot find module '../../roles/decorators/roles.decorator' or its corresponding type declarations.

[7m24[0m import { Roles } from "../../roles/decorators/roles.decorator";
[7m  [0m [91m                      ~~~~~~~~~~~~~~~~~~~~~~~~~~~~~~~~~~~~~~~~[0m
[96msrc/documents/services/batch-upload.service.ts[0m:[93m174[0m:[93m23[0m - [91merror[0m[90m TS2351: [0mThis expression is not constructable.
  Type 'typeof AdmZip' has no construct signatures.

[7m174[0m       const zip = new AdmZip(zipFileBuffer);
[7m   [0m [91m                      ~~~~~~[0m

  [96msrc/documents/services/batch-upload.service.ts[0m:[93m33[0m:[93m1[0m
    [7m33[0m import * as AdmZip from "adm-zip";
    [7m  [0m [96m~~~~~~~~~~~~~~~~~~~~~~~~~~~~~~~~~~[0m
    Type originates at this import. A namespace-style import cannot be called or constructed, and will cause a failure at runtime. Consider using a default import or import require here instead.
[96msrc/documents/services/batch-upload.service.ts[0m:[93m218[0m:[93m31[0m - [91merror[0m[90m TS2339: [0mProperty 'emitToTenant' does not exist on type 'AppWebSocketGateway'.

[7m218[0m         this.webSocketGateway.emitToTenant(tenantId, "batch.progress", {
[7m   [0m [91m                              ~~~~~~~~~~~~[0m
[96msrc/documents/services/batch-upload.service.ts[0m:[93m243[0m:[93m29[0m - [91merror[0m[90m TS2339: [0mProperty 'emitToTenant' does not exist on type 'AppWebSocketGateway'.

[7m243[0m       this.webSocketGateway.emitToTenant(tenantId, "batch.completed", {
[7m   [0m [91m                            ~~~~~~~~~~~~[0m
[96msrc/documents/services/batch-upload.service.ts[0m:[93m262[0m:[93m29[0m - [91merror[0m[90m TS2339: [0mProperty 'emitToTenant' does not exist on type 'AppWebSocketGateway'.

[7m262[0m       this.webSocketGateway.emitToTenant(tenantId, "batch.failed", {
[7m   [0m [91m                            ~~~~~~~~~~~~[0m
[96msrc/documents/services/batch-upload.service.ts[0m:[93m336[0m:[93m48[0m - [91merror[0m[90m TS2769: [0mNo overload matches this call.
  Overload 1 of 3, '(entityLikeArray: DeepPartial<DocumentEntity>[]): DocumentEntity[]', gave the following error.
    Object literal may only specify known properties, and 'id' does not exist in type 'DeepPartial<DocumentEntity>[]'.
  Overload 2 of 3, '(entityLike: DeepPartial<DocumentEntity>): DocumentEntity', gave the following error.
    Type 'string' is not assignable to type 'FileMimeType'.

[7m336[0m       const document = this.documentRepository.create({
[7m   [0m [91m                                               ~~~~~~[0m

  [96msrc/documents/infrastructure/persistence/relational/entities/document.entity.ts[0m:[93m70[0m:[93m3[0m
    [7m70[0m   file_mime_type: FileMimeType;
    [7m  [0m [96m  ~~~~~~~~~~~~~~[0m
    The expected type comes from property 'file_mime_type' which is declared here on type 'DeepPartial<DocumentEntity>'
[96msrc/documents/services/batch-upload.service.ts[0m:[93m354[0m:[93m35[0m - [91merror[0m[90m TS2339: [0mProperty 'id' does not exist on type 'DocumentEntity[]'.

[7m354[0m         documentId: savedDocument.id,
[7m   [0m [91m                                  ~~[0m
[96msrc/documents/services/bulk-approval.service.ts[0m:[93m208[0m:[93m31[0m - [91merror[0m[90m TS2339: [0mProperty 'emitToTenant' does not exist on type 'AppWebSocketGateway'.

[7m208[0m         this.webSocketGateway.emitToTenant(tenantId, "bulk-approval.progress", {
[7m   [0m [91m                              ~~~~~~~~~~~~[0m
[96msrc/documents/services/bulk-approval.service.ts[0m:[93m233[0m:[93m29[0m - [91merror[0m[90m TS2339: [0mProperty 'emitToTenant' does not exist on type 'AppWebSocketGateway'.

[7m233[0m       this.webSocketGateway.emitToTenant(tenantId, "bulk-approval.completed", {
[7m   [0m [91m                            ~~~~~~~~~~~~[0m
[96msrc/documents/services/bulk-approval.service.ts[0m:[93m331[0m:[93m7[0m - [91merror[0m[90m TS2353: [0mObject literal may only specify known properties, and 'context' does not exist in type 'EmailJobData'.

[7m331[0m       context: {
[7m   [0m [91m      ~~~~~~~[0m
[96msrc/documents/services/document-review.service.ts[0m:[93m93[0m:[93m27[0m - [91merror[0m[90m TS2339: [0mProperty 'emitToTenant' does not exist on type 'AppWebSocketGateway'.

[7m93[0m     this.webSocketGateway.emitToTenant(tenantId, "document.reviewed", {
[7m  [0m [91m                          ~~~~~~~~~~~~[0m
[96msrc/documents/services/document-review.service.ts[0m:[93m221[0m:[93m7[0m - [91merror[0m[90m TS2353: [0mObject literal may only specify known properties, and 'context' does not exist in type 'EmailJobData'.

[7m221[0m       context: {
[7m   [0m [91m      ~~~~~~~[0m
[96msrc/esignature/controllers/esignature.controller.ts[0m:[93m31[0m:[93m34[0m - [91merror[0m[90m TS2307: [0mCannot find module '../../auth/guards/permissions.guard' or its corresponding type declarations.

[7m31[0m import { PermissionsGuard } from "../../auth/guards/permissions.guard";
[7m  [0m [91m                                 ~~~~~~~~~~~~~~~~~~~~~~~~~~~~~~~~~~~~~[0m
[96msrc/esignature/controllers/esignature.controller.ts[0m:[93m32[0m:[93m36[0m - [91merror[0m[90m TS2307: [0mCannot find module '../../auth/decorators/permissions.decorator' or its corresponding type declarations.

[7m32[0m import { RequirePermissions } from "../../auth/decorators/permissions.decorator";
[7m  [0m [91m                                   ~~~~~~~~~~~~~~~~~~~~~~~~~~~~~~~~~~~~~~~~~~~~~[0m
[96msrc/esignature/controllers/esignature.controller.ts[0m:[93m82[0m:[93m32[0m - [91merror[0m[90m TS2339: [0mProperty 'signatureUrl' does not exist on type 'ContractEntity'.

[7m82[0m         signatureUrl: contract.signatureUrl,
[7m  [0m [91m                               ~~~~~~~~~~~~[0m
[96msrc/esignature/controllers/esignature.controller.ts[0m:[93m83[0m:[93m9[0m - [91merror[0m[90m TS2322: [0mType 'string' is not assignable to type 'SignatureStatus'.

[7m83[0m         status: contract.signatureStatus,
[7m  [0m [91m        ~~~~~~[0m

  [96msrc/esignature/dto/signature-response.dto.ts[0m:[93m33[0m:[93m3[0m
    [7m33[0m   status: SignatureStatus;
    [7m  [0m [96m  ~~~~~~[0m
    The expected type comes from property 'status' which is declared here on type 'SignatureResponseDto'
[96msrc/esignature/controllers/esignature.controller.ts[0m:[93m87[0m:[93m37[0m - [91merror[0m[90m TS2339: [0mProperty 'signedDocumentUrl' does not exist on type 'ContractEntity'.

[7m87[0m         signedDocumentUrl: contract.signedDocumentUrl,
[7m  [0m [91m                                    ~~~~~~~~~~~~~~~~~[0m
[96msrc/esignature/controllers/esignature.controller.ts[0m:[93m88[0m:[93m43[0m - [91merror[0m[90m TS2339: [0mProperty 'signatureCertificateUrl' does not exist on type 'ContractEntity'.

[7m88[0m         signatureCertificateUrl: contract.signatureCertificateUrl,
[7m  [0m [91m                                          ~~~~~~~~~~~~~~~~~~~~~~~[0m
[96msrc/esignature/controllers/esignature.controller.ts[0m:[93m162[0m:[93m32[0m - [91merror[0m[90m TS2339: [0mProperty 'signatureUrl' does not exist on type 'ContractEntity'.

[7m162[0m         signatureUrl: contract.signatureUrl,
[7m   [0m [91m                               ~~~~~~~~~~~~[0m
[96msrc/esignature/controllers/esignature.controller.ts[0m:[93m163[0m:[93m9[0m - [91merror[0m[90m TS2322: [0mType 'string' is not assignable to type 'SignatureStatus'.

[7m163[0m         status: contract.signatureStatus,
[7m   [0m [91m        ~~~~~~[0m

  [96msrc/esignature/dto/signature-response.dto.ts[0m:[93m33[0m:[93m3[0m
    [7m33[0m   status: SignatureStatus;
    [7m  [0m [96m  ~~~~~~[0m
    The expected type comes from property 'status' which is declared here on type 'SignatureResponseDto'
[96msrc/esignature/controllers/esignature.controller.ts[0m:[93m167[0m:[93m37[0m - [91merror[0m[90m TS2339: [0mProperty 'signedDocumentUrl' does not exist on type 'ContractEntity'.

[7m167[0m         signedDocumentUrl: contract.signedDocumentUrl,
[7m   [0m [91m                                    ~~~~~~~~~~~~~~~~~[0m
[96msrc/esignature/controllers/esignature.controller.ts[0m:[93m168[0m:[93m43[0m - [91merror[0m[90m TS2339: [0mProperty 'signatureCertificateUrl' does not exist on type 'ContractEntity'.

[7m168[0m         signatureCertificateUrl: contract.signatureCertificateUrl,
[7m   [0m [91m                                          ~~~~~~~~~~~~~~~~~~~~~~~[0m
[96msrc/esignature/services/esignature.service.ts[0m:[93m67[0m:[93m34[0m - [91merror[0m[90m TS2339: [0mProperty 'signerEmail' does not exist on type 'ContractEntity'.

[7m67[0m     const signerEmail = contract.signerEmail || contract.jamaah.email;
[7m  [0m [91m                                 ~~~~~~~~~~~[0m
[96msrc/esignature/services/esignature.service.ts[0m:[93m68[0m:[93m34[0m - [91merror[0m[90m TS2339: [0mProperty 'signerPhone' does not exist on type 'ContractEntity'.

[7m68[0m     const signerPhone = contract.signerPhone || contract.jamaah.phone;
[7m  [0m [91m                                 ~~~~~~~~~~~[0m
[96msrc/esignature/services/esignature.service.ts[0m:[93m121[0m:[93m9[0m - [91merror[0m[90m TS2322: [0mType '"signature.sent"' is not assignable to type 'WebSocketEventType'.

[7m121[0m         type: "signature.sent",
[7m   [0m [91m        ~~~~[0m

  [96msrc/websocket/types/websocket-events.type.ts[0m:[93m54[0m:[93m3[0m
    [7m54[0m   type: WebSocketEventType;
    [7m  [0m [96m  ~~~~[0m
    The expected type comes from property 'type' which is declared here on type 'WebSocketEventPayload<any>'
[96msrc/esignature/services/esignature.service.ts[0m:[93m223[0m:[93m7[0m - [91merror[0m[90m TS2322: [0mType '"signature.sent" | "signature.delivered" | "signature.opened" | "signature.viewed" | "signature.signed" | "signature.declined" | "signature.expired" | "signature.failed" | "signature.reminder_sent" | "signature.certificate_generated"' is not assignable to type 'WebSocketEventType'.
  Type '"signature.sent"' is not assignable to type 'WebSocketEventType'.

[7m223[0m       type: `signature.${event}`,
[7m   [0m [91m      ~~~~[0m

  [96msrc/websocket/types/websocket-events.type.ts[0m:[93m54[0m:[93m3[0m
    [7m54[0m   type: WebSocketEventType;
    [7m  [0m [96m  ~~~~[0m
    The expected type comes from property 'type' which is declared here on type 'WebSocketEventPayload<any>'
[96msrc/esignature/services/esignature.service.ts[0m:[93m278[0m:[93m9[0m - [91merror[0m[90m TS2353: [0mObject literal may only specify known properties, and 'signedDocumentUrl' does not exist in type '_QueryDeepPartialEntity<ContractEntity>'.

[7m278[0m         signedDocumentUrl: signedUrl,
[7m   [0m [91m        ~~~~~~~~~~~~~~~~~[0m
[96msrc/esignature/services/privy-id.service.ts[0m:[93m92[0m:[93m28[0m - [91merror[0m[90m TS2351: [0mThis expression is not constructable.
  Type 'typeof FormData' has no construct signatures.

[7m92[0m       const formData = new FormData();
[7m  [0m [91m                           ~~~~~~~~[0m

  [96msrc/esignature/services/privy-id.service.ts[0m:[93m10[0m:[93m1[0m
    [7m10[0m import * as FormData from "form-data";
    [7m  [0m [96m~~~~~~~~~~~~~~~~~~~~~~~~~~~~~~~~~~~~~~[0m
    Type originates at this import. A namespace-style import cannot be called or constructed, and will cause a failure at runtime. Consider using a default import or import require here instead.
[96msrc/monitoring/infrastructure/persistence/relational/entities/anomaly-detection.entity.ts[0m:[93m16[0m:[93m30[0m - [91merror[0m[90m TS2307: [0mCannot find module '../../../../../tenants/infrastructure/persistence/relational/entities/tenant.entity' or its corresponding type declarations.

[7m16[0m import { TenantEntity } from "../../../../../tenants/infrastructure/persistence/relational/entities/tenant.entity";
[7m  [0m [91m                             ~~~~~~~~~~~~~~~~~~~~~~~~~~~~~~~~~~~~~~~~~~~~~~~~~~~~~~~~~~~~~~~~~~~~~~~~~~~~~~~~~~~~~[0m
[96msrc/monitoring/infrastructure/persistence/relational/entities/diagnostic-result.entity.ts[0m:[93m14[0m:[93m30[0m - [91merror[0m[90m TS2307: [0mCannot find module '../../../../../tenants/infrastructure/persistence/relational/entities/tenant.entity' or its corresponding type declarations.

[7m14[0m import { TenantEntity } from "../../../../../tenants/infrastructure/persistence/relational/entities/tenant.entity";
[7m  [0m [91m                             ~~~~~~~~~~~~~~~~~~~~~~~~~~~~~~~~~~~~~~~~~~~~~~~~~~~~~~~~~~~~~~~~~~~~~~~~~~~~~~~~~~~~~[0m
[96msrc/monitoring/infrastructure/persistence/relational/entities/diagnostic-result.entity.ts[0m:[93m15[0m:[93m28[0m - [91merror[0m[90m TS2307: [0mCannot find module '../../../../../users/infrastructure/persistence/relational/entities/user.entity' or its corresponding type declarations.

[7m15[0m import { UserEntity } from "../../../../../users/infrastructure/persistence/relational/entities/user.entity";
[7m  [0m [91m                           ~~~~~~~~~~~~~~~~~~~~~~~~~~~~~~~~~~~~~~~~~~~~~~~~~~~~~~~~~~~~~~~~~~~~~~~~~~~~~~~~~[0m
[96msrc/monitoring/infrastructure/persistence/relational/entities/feature-trial.entity.ts[0m:[93m12[0m:[93m30[0m - [91merror[0m[90m TS2307: [0mCannot find module '../../../../../tenants/infrastructure/persistence/relational/entities/tenant.entity' or its corresponding type declarations.

[7m12[0m import { TenantEntity } from "../../../../../tenants/infrastructure/persistence/relational/entities/tenant.entity";
[7m  [0m [91m                             ~~~~~~~~~~~~~~~~~~~~~~~~~~~~~~~~~~~~~~~~~~~~~~~~~~~~~~~~~~~~~~~~~~~~~~~~~~~~~~~~~~~~~[0m
[96msrc/monitoring/infrastructure/persistence/relational/entities/tenant-metric.entity.ts[0m:[93m11[0m:[93m30[0m - [91merror[0m[90m TS2307: [0mCannot find module '../../../../../tenants/infrastructure/persistence/relational/entities/tenant.entity' or its corresponding type declarations.

[7m11[0m import { TenantEntity } from "../../../../../tenants/infrastructure/persistence/relational/entities/tenant.entity";
[7m  [0m [91m                             ~~~~~~~~~~~~~~~~~~~~~~~~~~~~~~~~~~~~~~~~~~~~~~~~~~~~~~~~~~~~~~~~~~~~~~~~~~~~~~~~~~~~~[0m
[96msrc/monitoring/services/alert.service.ts[0m:[93m11[0m:[93m29[0m - [91merror[0m[90m TS2307: [0mCannot find module 'nodemailer' or its corresponding type declarations.

[7m11[0m import * as nodemailer from "nodemailer";
[7m  [0m [91m                            ~~~~~~~~~~~~[0m
[96msrc/monitoring/services/alert.service.ts[0m:[93m36[0m:[93m37[0m - [91merror[0m[90m TS2345: [0mArgument of type '"email" | "slack" | "sms"' is not assignable to parameter of type 'AlertChannel'.
  Type '"email"' is not assignable to type 'AlertChannel'.

[7m36[0m       await this.sendAlert(anomaly, channel);
[7m  [0m [91m                                    ~~~~~~~[0m
[96msrc/ocr/controllers/ocr.controller.ts[0m:[93m27[0m:[93m28[0m - [91merror[0m[90m TS2307: [0mCannot find module '../../roles/guards/roles.guard' or its corresponding type declarations.

[7m27[0m import { RolesGuard } from "../../roles/guards/roles.guard";
[7m  [0m [91m                           ~~~~~~~~~~~~~~~~~~~~~~~~~~~~~~~~[0m
[96msrc/ocr/controllers/ocr.controller.ts[0m:[93m28[0m:[93m23[0m - [91merror[0m[90m TS2307: [0mCannot find module '../../roles/decorators/roles.decorator' or its corresponding type declarations.

[7m28[0m import { Roles } from "../../roles/decorators/roles.decorator";
[7m  [0m [91m                      ~~~~~~~~~~~~~~~~~~~~~~~~~~~~~~~~~~~~~~~~[0m
[96msrc/ocr/processors/ocr.processor.ts[0m:[93m54[0m:[93m35[0m - [91merror[0m[90m TS2339: [0mProperty 'emitToTenant' does not exist on type 'AppWebSocketGateway'.

[7m54[0m       await this.websocketGateway.emitToTenant(tenantId, "ocr.completed", {
[7m  [0m [91m                                  ~~~~~~~~~~~~[0m
[96msrc/ocr/processors/ocr.processor.ts[0m:[93m78[0m:[93m35[0m - [91merror[0m[90m TS2339: [0mProperty 'emitToTenant' does not exist on type 'AppWebSocketGateway'.

[7m78[0m       await this.websocketGateway.emitToTenant(tenantId, "ocr.failed", {
[7m  [0m [91m                                  ~~~~~~~~~~~~[0m
[96msrc/ocr/services/ocr.service.ts[0m:[93m129[0m:[93m12[0m - [91merror[0m[90m TS2678: [0mType 'OcrDocumentType.KTP' is not comparable to type 'DocumentType'.

[7m129[0m       case OcrDocumentType.KTP:
[7m   [0m [91m           ~~~~~~~~~~~~~~~~~~~[0m
[96msrc/ocr/services/ocr.service.ts[0m:[93m135[0m:[93m12[0m - [91merror[0m[90m TS2678: [0mType 'OcrDocumentType.PASSPORT' is not comparable to type 'DocumentType'.

[7m135[0m       case OcrDocumentType.PASSPORT:
[7m   [0m [91m           ~~~~~~~~~~~~~~~~~~~~~~~~[0m
[96msrc/ocr/services/ocr.service.ts[0m:[93m142[0m:[93m12[0m - [91merror[0m[90m TS2678: [0mType 'OcrDocumentType.KK' is not comparable to type 'DocumentType'.

[7m142[0m       case OcrDocumentType.KK:
[7m   [0m [91m           ~~~~~~~~~~~~~~~~~~[0m
[96msrc/ocr/services/ocr.service.ts[0m:[93m202[0m:[93m14[0m - [91merror[0m[90m TS2322: [0mType 'Job<any, any, string>' is not assignable to type 'string'.

[7m202[0m     return { jobId };
[7m   [0m [91m             ~~~~~[0m

  [96msrc/ocr/services/ocr.service.ts[0m:[93m187[0m:[93m16[0m
    [7m187[0m   ): Promise<{ jobId: string }> {
    [7m   [0m [96m               ~~~~~[0m
    The expected type comes from property 'jobId' which is declared here on type '{ jobId: string; }'
[96msrc/ocr/services/quality-validation.service.ts[0m:[93m102[0m:[93m31[0m - [91merror[0m[90m TS2349: [0mThis expression is not callable.
  Type 'typeof sharp' has no call signatures.

[7m102[0m       const { stats } = await sharp(buffer).stats();
[7m   [0m [91m                              ~~~~~[0m

  [96msrc/ocr/services/quality-validation.service.ts[0m:[93m8[0m:[93m1[0m
    [7m8[0m import * as sharp from "sharp";
    [7m [0m [96m~~~~~~~~~~~~~~~~~~~~~~~~~~~~~~~[0m
    Type originates at this import. A namespace-style import cannot be called or constructed, and will cause a failure at runtime. Consider using a default import or import require here instead.
[96msrc/ocr/services/quality-validation.service.ts[0m:[93m144[0m:[93m21[0m - [91merror[0m[90m TS2349: [0mThis expression is not callable.
  Type 'typeof sharp' has no call signatures.

[7m144[0m       const image = sharp(buffer);
[7m   [0m [91m                    ~~~~~[0m

  [96msrc/ocr/services/quality-validation.service.ts[0m:[93m8[0m:[93m1[0m
    [7m8[0m import * as sharp from "sharp";
    [7m [0m [96m~~~~~~~~~~~~~~~~~~~~~~~~~~~~~~~[0m
    Type originates at this import. A namespace-style import cannot be called or constructed, and will cause a failure at runtime. Consider using a default import or import require here instead.
[96msrc/ocr/services/quality-validation.service.ts[0m:[93m194[0m:[93m39[0m - [91merror[0m[90m TS2349: [0mThis expression is not callable.
  Type 'typeof sharp' has no call signatures.

[7m194[0m       const { width, height } = await sharp(buffer).metadata();
[7m   [0m [91m                                      ~~~~~[0m

  [96msrc/ocr/services/quality-validation.service.ts[0m:[93m8[0m:[93m1[0m
    [7m8[0m import * as sharp from "sharp";
    [7m [0m [96m~~~~~~~~~~~~~~~~~~~~~~~~~~~~~~~[0m
    Type originates at this import. A namespace-style import cannot be called or constructed, and will cause a failure at runtime. Consider using a default import or import require here instead.
[96msrc/ocr/services/quality-validation.service.ts[0m:[93m227[0m:[93m37[0m - [91merror[0m[90m TS2349: [0mThis expression is not callable.
  Type 'typeof sharp' has no call signatures.

[7m227[0m       const { orientation } = await sharp(buffer).metadata();
[7m   [0m [91m                                    ~~~~~[0m

  [96msrc/ocr/services/quality-validation.service.ts[0m:[93m8[0m:[93m1[0m
    [7m8[0m import * as sharp from "sharp";
    [7m [0m [96m~~~~~~~~~~~~~~~~~~~~~~~~~~~~~~~[0m
    Type originates at this import. A namespace-style import cannot be called or constructed, and will cause a failure at runtime. Consider using a default import or import require here instead.
[96msrc/ocr/services/quality-validation.service.ts[0m:[93m293[0m:[93m29[0m - [91merror[0m[90m TS2349: [0mThis expression is not callable.
  Type 'typeof sharp' has no call signatures.

[7m293[0m       const rotated = await sharp(buffer)
[7m   [0m [91m                            ~~~~~[0m

  [96msrc/ocr/services/quality-validation.service.ts[0m:[93m8[0m:[93m1[0m
    [7m8[0m import * as sharp from "sharp";
    [7m [0m [96m~~~~~~~~~~~~~~~~~~~~~~~~~~~~~~~[0m
    Type originates at this import. A namespace-style import cannot be called or constructed, and will cause a failure at runtime. Consider using a default import or import require here instead.
[96msrc/ocr/services/quality-validation.service.ts[0m:[93m312[0m:[93m30[0m - [91merror[0m[90m TS2349: [0mThis expression is not callable.
  Type 'typeof sharp' has no call signatures.

[7m312[0m       const enhanced = await sharp(buffer)
[7m   [0m [91m                             ~~~~~[0m

  [96msrc/ocr/services/quality-validation.service.ts[0m:[93m8[0m:[93m1[0m
    [7m8[0m import * as sharp from "sharp";
    [7m [0m [96m~~~~~~~~~~~~~~~~~~~~~~~~~~~~~~~[0m
    Type originates at this import. A namespace-style import cannot be called or constructed, and will cause a failure at runtime. Consider using a default import or import require here instead.
[96msrc/ocr/services/verihubs-ocr.service.ts[0m:[93m69[0m:[93m28[0m - [91merror[0m[90m TS2351: [0mThis expression is not constructable.
  Type 'typeof FormData' has no construct signatures.

[7m69[0m       const formData = new FormData();
[7m  [0m [91m                           ~~~~~~~~[0m

  [96msrc/ocr/services/verihubs-ocr.service.ts[0m:[93m14[0m:[93m1[0m
    [7m14[0m import * as FormData from "form-data";
    [7m  [0m [96m~~~~~~~~~~~~~~~~~~~~~~~~~~~~~~~~~~~~~~[0m
    Type originates at this import. A namespace-style import cannot be called or constructed, and will cause a failure at runtime. Consider using a default import or import require here instead.
[96msrc/ocr/services/verihubs-ocr.service.ts[0m:[93m112[0m:[93m28[0m - [91merror[0m[90m TS2351: [0mThis expression is not constructable.
  Type 'typeof FormData' has no construct signatures.

[7m112[0m       const formData = new FormData();
[7m   [0m [91m                           ~~~~~~~~[0m

  [96msrc/ocr/services/verihubs-ocr.service.ts[0m:[93m14[0m:[93m1[0m
    [7m14[0m import * as FormData from "form-data";
    [7m  [0m [96m~~~~~~~~~~~~~~~~~~~~~~~~~~~~~~~~~~~~~~[0m
    Type originates at this import. A namespace-style import cannot be called or constructed, and will cause a failure at runtime. Consider using a default import or import require here instead.
[96msrc/ocr/services/verihubs-ocr.service.ts[0m:[93m159[0m:[93m28[0m - [91merror[0m[90m TS2351: [0mThis expression is not constructable.
  Type 'typeof FormData' has no construct signatures.

[7m159[0m       const formData = new FormData();
[7m   [0m [91m                           ~~~~~~~~[0m

  [96msrc/ocr/services/verihubs-ocr.service.ts[0m:[93m14[0m:[93m1[0m
    [7m14[0m import * as FormData from "form-data";
    [7m  [0m [96m~~~~~~~~~~~~~~~~~~~~~~~~~~~~~~~~~~~~~~[0m
    Type originates at this import. A namespace-style import cannot be called or constructed, and will cause a failure at runtime. Consider using a default import or import require here instead.
[96msrc/onboarding/adoption-analytics.controller.ts[0m:[93m29[0m:[93m10[0m - [91merror[0m[90m TS2345: [0mArgument of type '"admin"' is not assignable to parameter of type 'UserRole'.

[7m29[0m   @Roles("admin", "owner")
[7m  [0m [91m         ~~~~~~~[0m
[96msrc/onboarding/adoption-analytics.controller.ts[0m:[93m46[0m:[93m10[0m - [91merror[0m[90m TS2345: [0mArgument of type '"admin"' is not assignable to parameter of type 'UserRole'.

[7m46[0m   @Roles("admin", "owner")
[7m  [0m [91m         ~~~~~~~[0m
[96msrc/onboarding/adoption-analytics.controller.ts[0m:[93m70[0m:[93m10[0m - [91merror[0m[90m TS2345: [0mArgument of type '"admin"' is not assignable to parameter of type 'UserRole'.

[7m70[0m   @Roles("admin", "owner")
[7m  [0m [91m         ~~~~~~~[0m
[96msrc/onboarding/adoption-analytics.controller.ts[0m:[93m92[0m:[93m10[0m - [91merror[0m[90m TS2345: [0mArgument of type '"admin"' is not assignable to parameter of type 'UserRole'.

[7m92[0m   @Roles("admin", "owner")
[7m  [0m [91m         ~~~~~~~[0m
[96msrc/onboarding/dto/training-request-response.dto.ts[0m:[93m51[0m:[93m4[0m - [91merror[0m[90m TS2552: [0mCannot find name 'IsString'. Did you mean 'String'?

[7m51[0m   @IsString()
[7m  [0m [91m   ~~~~~~~~[0m

  [96mnode_modules/typescript/lib/lib.es5.d.ts[0m:[93m544[0m:[93m13[0m
    [7m544[0m declare var String: StringConstructor;
    [7m   [0m [96m            ~~~~~~[0m
    'String' is declared here.
[96msrc/onboarding/dto/training-request-response.dto.ts[0m:[93m56[0m:[93m4[0m - [91merror[0m[90m TS2304: [0mCannot find name 'IsDateString'.

[7m56[0m   @IsDateString()
[7m  [0m [91m   ~~~~~~~~~~~~[0m
[96msrc/onboarding/dto/training-request-response.dto.ts[0m:[93m59[0m:[93m4[0m - [91merror[0m[90m TS2304: [0mCannot find name 'IsOptional'.

[7m59[0m   @IsOptional()
[7m  [0m [91m   ~~~~~~~~~~[0m
[96msrc/onboarding/dto/training-request-response.dto.ts[0m:[93m64[0m:[93m4[0m - [91merror[0m[90m TS2304: [0mCannot find name 'IsOptional'.

[7m64[0m   @IsOptional()
[7m  [0m [91m   ~~~~~~~~~~[0m
[96msrc/onboarding/dto/training-request-response.dto.ts[0m:[93m65[0m:[93m4[0m - [91merror[0m[90m TS2552: [0mCannot find name 'IsString'. Did you mean 'String'?

[7m65[0m   @IsString()
[7m  [0m [91m   ~~~~~~~~[0m

  [96mnode_modules/typescript/lib/lib.es5.d.ts[0m:[93m544[0m:[93m13[0m
    [7m544[0m declare var String: StringConstructor;
    [7m   [0m [96m            ~~~~~~[0m
    'String' is declared here.
[96msrc/onboarding/dto/training-request-response.dto.ts[0m:[93m68[0m:[93m4[0m - [91merror[0m[90m TS2304: [0mCannot find name 'IsOptional'.

[7m68[0m   @IsOptional()
[7m  [0m [91m   ~~~~~~~~~~[0m
[96msrc/onboarding/dto/training-request-response.dto.ts[0m:[93m69[0m:[93m4[0m - [91merror[0m[90m TS2552: [0mCannot find name 'IsString'. Did you mean 'String'?

[7m69[0m   @IsString()
[7m  [0m [91m   ~~~~~~~~[0m

  [96mnode_modules/typescript/lib/lib.es5.d.ts[0m:[93m544[0m:[93m13[0m
    [7m544[0m declare var String: StringConstructor;
    [7m   [0m [96m            ~~~~~~[0m
    'String' is declared here.
[96msrc/onboarding/dto/training-request-response.dto.ts[0m:[93m74[0m:[93m4[0m - [91merror[0m[90m TS2304: [0mCannot find name 'IsOptional'.

[7m74[0m   @IsOptional()
[7m  [0m [91m   ~~~~~~~~~~[0m
[96msrc/onboarding/dto/training-request-response.dto.ts[0m:[93m75[0m:[93m4[0m - [91merror[0m[90m TS2552: [0mCannot find name 'IsString'. Did you mean 'String'?

[7m75[0m   @IsString()
[7m  [0m [91m   ~~~~~~~~[0m

  [96mnode_modules/typescript/lib/lib.es5.d.ts[0m:[93m544[0m:[93m13[0m
    [7m544[0m declare var String: StringConstructor;
    [7m   [0m [96m            ~~~~~~[0m
    'String' is declared here.
[96msrc/onboarding/dto/training-request-response.dto.ts[0m:[93m76[0m:[93m4[0m - [91merror[0m[90m TS2552: [0mCannot find name 'MaxLength'. Did you mean 'length'?

[7m76[0m   @MaxLength(2000)
[7m  [0m [91m   ~~~~~~~~~[0m

  [96mnode_modules/typescript/lib/lib.dom.d.ts[0m:[93m38480[0m:[93m13[0m
    [7m38480[0m declare var length: number;
    [7m     [0m [96m            ~~~~~~[0m
    'length' is declared here.
[96msrc/onboarding/dto/training-request-response.dto.ts[0m:[93m79[0m:[93m4[0m - [91merror[0m[90m TS2304: [0mCannot find name 'IsOptional'.

[7m79[0m   @IsOptional()
[7m  [0m [91m   ~~~~~~~~~~[0m
[96msrc/onboarding/migration.controller.ts[0m:[93m47[0m:[93m10[0m - [91merror[0m[90m TS2345: [0mArgument of type '"admin"' is not assignable to parameter of type 'UserRole'.

[7m47[0m   @Roles("admin", "owner")
[7m  [0m [91m         ~~~~~~~[0m
[96msrc/onboarding/migration.controller.ts[0m:[93m113[0m:[93m10[0m - [91merror[0m[90m TS2345: [0mArgument of type '"admin"' is not assignable to parameter of type 'UserRole'.

[7m113[0m   @Roles("admin", "owner")
[7m   [0m [91m         ~~~~~~~[0m
[96msrc/onboarding/migration.controller.ts[0m:[93m128[0m:[93m10[0m - [91merror[0m[90m TS2345: [0mArgument of type '"admin"' is not assignable to parameter of type 'UserRole'.

[7m128[0m   @Roles("admin", "owner")
[7m   [0m [91m         ~~~~~~~[0m
[96msrc/onboarding/migration.controller.ts[0m:[93m142[0m:[93m10[0m - [91merror[0m[90m TS2345: [0mArgument of type '"admin"' is not assignable to parameter of type 'UserRole'.

[7m142[0m   @Roles("admin", "owner")
[7m   [0m [91m         ~~~~~~~[0m
[96msrc/onboarding/migration.controller.ts[0m:[93m156[0m:[93m10[0m - [91merror[0m[90m TS2345: [0mArgument of type '"admin"' is not assignable to parameter of type 'UserRole'.

[7m156[0m   @Roles("admin", "owner", "agent")
[7m   [0m [91m         ~~~~~~~[0m
[96msrc/onboarding/migration.controller.ts[0m:[93m167[0m:[93m10[0m - [91merror[0m[90m TS2345: [0mArgument of type '"admin"' is not assignable to parameter of type 'UserRole'.

[7m167[0m   @Roles("admin", "owner")
[7m   [0m [91m         ~~~~~~~[0m
[96msrc/onboarding/migration.controller.ts[0m:[93m201[0m:[93m10[0m - [91merror[0m[90m TS2345: [0mArgument of type '"admin"' is not assignable to parameter of type 'UserRole'.

[7m201[0m   @Roles("admin", "owner")
[7m   [0m [91m         ~~~~~~~[0m
[96msrc/onboarding/migration.controller.ts[0m:[93m215[0m:[93m10[0m - [91merror[0m[90m TS2345: [0mArgument of type '"admin"' is not assignable to parameter of type 'UserRole'.

[7m215[0m   @Roles("admin", "owner", "agent")
[7m   [0m [91m         ~~~~~~~[0m
[96msrc/onboarding/migration.controller.ts[0m:[93m238[0m:[93m10[0m - [91merror[0m[90m TS2345: [0mArgument of type '"admin"' is not assignable to parameter of type 'UserRole'.

[7m238[0m   @Roles("admin", "owner", "agent")
[7m   [0m [91m         ~~~~~~~[0m
[96msrc/onboarding/migration.controller.ts[0m:[93m266[0m:[93m10[0m - [91merror[0m[90m TS2345: [0mArgument of type '"admin"' is not assignable to parameter of type 'UserRole'.

[7m266[0m   @Roles("admin", "owner")
[7m   [0m [91m         ~~~~~~~[0m
[96msrc/onboarding/services/csv-parser.service.ts[0m:[93m7[0m:[93m27[0m - [91merror[0m[90m TS2307: [0mCannot find module 'csv-parse/sync' or its corresponding type declarations.

[7m7[0m import * as csvParse from "csv-parse/sync";
[7m [0m [91m                          ~~~~~~~~~~~~~~~~[0m
[96msrc/onboarding/services/csv-parser.service.ts[0m:[93m8[0m:[93m24[0m - [91merror[0m[90m TS2307: [0mCannot find module 'jschardet' or its corresponding type declarations.

[7m8[0m import { detect } from "jschardet";
[7m [0m [91m                       ~~~~~~~~~~~[0m
[96msrc/onboarding/services/migration-job.service.ts[0m:[93m22[0m:[93m10[0m - [91merror[0m[90m TS2724: [0m'"../../websocket/websocket.gateway"' has no exported member named 'WebsocketGateway'. Did you mean 'AppWebSocketGateway'?

[7m22[0m import { WebsocketGateway } from "../../websocket/websocket.gateway";
[7m  [0m [91m         ~~~~~~~~~~~~~~~~[0m

  [96msrc/websocket/websocket.gateway.ts[0m:[93m45[0m:[93m14[0m
    [7m45[0m export class AppWebSocketGateway
    [7m  [0m [96m             ~~~~~~~~~~~~~~~~~~~[0m
    'AppWebSocketGateway' is declared here.
[96msrc/onboarding/services/migration-job.service.ts[0m:[93m116[0m:[93m26[0m - [91merror[0m[90m TS2339: [0mProperty 'calculateProgress' does not exist on type 'typeof MigrationJobDomain'.

[7m116[0m       MigrationJobDomain.calculateProgress(processed, job.total_rows) % 10 ===
[7m   [0m [91m                         ~~~~~~~~~~~~~~~~~[0m
[96msrc/onboarding/training-materials.controller.ts[0m:[93m39[0m:[93m10[0m - [91merror[0m[90m TS2345: [0mArgument of type '"admin"' is not assignable to parameter of type 'UserRole'.

[7m39[0m   @Roles("admin", "owner")
[7m  [0m [91m         ~~~~~~~[0m
[96msrc/onboarding/training-materials.controller.ts[0m:[93m49[0m:[93m10[0m - [91merror[0m[90m TS2345: [0mArgument of type '"admin"' is not assignable to parameter of type 'UserRole'.

[7m49[0m   @Roles("admin", "owner", "agent")
[7m  [0m [91m         ~~~~~~~[0m
[96msrc/onboarding/training-materials.controller.ts[0m:[93m65[0m:[93m10[0m - [91merror[0m[90m TS2345: [0mArgument of type '"admin"' is not assignable to parameter of type 'UserRole'.

[7m65[0m   @Roles("admin", "owner", "agent")
[7m  [0m [91m         ~~~~~~~[0m
[96msrc/onboarding/training-materials.controller.ts[0m:[93m82[0m:[93m10[0m - [91merror[0m[90m TS2345: [0mArgument of type '"admin"' is not assignable to parameter of type 'UserRole'.

[7m82[0m   @Roles("admin", "owner")
[7m  [0m [91m         ~~~~~~~[0m
[96msrc/onboarding/training-materials.controller.ts[0m:[93m93[0m:[93m10[0m - [91merror[0m[90m TS2345: [0mArgument of type '"admin"' is not assignable to parameter of type 'UserRole'.

[7m93[0m   @Roles("admin", "owner")
[7m  [0m [91m         ~~~~~~~[0m
[96msrc/onboarding/training-materials.controller.ts[0m:[93m101[0m:[93m10[0m - [91merror[0m[90m TS2345: [0mArgument of type '"admin"' is not assignable to parameter of type 'UserRole'.

[7m101[0m   @Roles("admin", "owner", "agent")
[7m   [0m [91m         ~~~~~~~[0m
[96msrc/onboarding/training-materials.controller.ts[0m:[93m118[0m:[93m10[0m - [91merror[0m[90m TS2345: [0mArgument of type '"admin"' is not assignable to parameter of type 'UserRole'.

[7m118[0m   @Roles("admin", "owner", "agent")
[7m   [0m [91m         ~~~~~~~[0m
[96msrc/onboarding/training-materials.controller.ts[0m:[93m128[0m:[93m10[0m - [91merror[0m[90m TS2345: [0mArgument of type '"admin"' is not assignable to parameter of type 'UserRole'.

[7m128[0m   @Roles("admin", "owner", "agent")
[7m   [0m [91m         ~~~~~~~[0m
[96msrc/onboarding/training-materials.controller.ts[0m:[93m139[0m:[93m10[0m - [91merror[0m[90m TS2345: [0mArgument of type '"admin"' is not assignable to parameter of type 'UserRole'.

[7m139[0m   @Roles("admin", "owner", "agent")
[7m   [0m [91m         ~~~~~~~[0m
[96msrc/payments/domain/payment-schedule.ts[0m:[93m84[0m:[93m22[0m - [91merror[0m[90m TS2345: [0mArgument of type '{ installmentNumber: number; dueDate: Date; amount: number; status: ScheduleStatus.PENDING; paidAt: null; paymentId: null; }' is not assignable to parameter of type 'Omit<PaymentSchedule, "id" | "createdAt" | "updatedAt" | "tenantId" | "jamaahId">'.
  Type '{ installmentNumber: number; dueDate: Date; amount: number; status: ScheduleStatus.PENDING; paidAt: null; paymentId: null; }' is missing the following properties from type 'Omit<PaymentSchedule, "id" | "createdAt" | "updatedAt" | "tenantId" | "jamaahId">': getFormattedAmount, getStatusDisplay, isOverdue, markAsOverdue, and 7 more.

[7m 84[0m       schedules.push({
[7m   [0m [91m                     ~[0m
[7m 85[0m         installmentNumber: i + 1,
[7m   [0m [91m~~~~~~~~~~~~~~~~~~~~~~~~~~~~~~~~~[0m
[7m...[0m 
[7m 90[0m         paymentId: null,
[7m   [0m [91m~~~~~~~~~~~~~~~~~~~~~~~~[0m
[7m 91[0m       });
[7m   [0m [91m~~~~~~~[0m

Found 162 error(s).

